<?xml version="1.0" encoding="UTF-8"?>
<!-- Generated by org.testng.reporters.JUnitReportReporter -->
<testsuite skipped="0" hostname="orangelt070" name="testCases.test" tests="1" failures="0" timestamp="17 Oct 2020 17:53:47 GMT" time="13.955" errors="0">
  <testcase name="tc" time="13.955" classname="testCases.test"/>
</testsuite> <!-- testCases.test -->
